[0628/141107.183:ERROR:process_reader_win.cc(123)] NtOpenThread: {Access Denied} A process has requested access to an object, but has not been granted those access rights. (0xc0000022)
[0628/141107.261:ERROR:exception_snapshot_win.cc(98)] thread ID 1880 not found in process
[0628/141107.183:ERROR:process_reader_win.cc(123)] NtOpenThread: {Access Denied} A process has requested access to an object, but has not been granted those access rights. (0xc0000022)
[0628/141107.261:ERROR:exception_snapshot_win.cc(98)] thread ID 10080 not found in process
[0628/141107.198:ERROR:scoped_process_suspend.cc(31)] NtSuspendProcess: An attempt was made to access an exiting process. (0xc000010a)
[0628/141107.261:ERROR:process_info.cc(118)] ReadProcessMemory bool __cdecl crashpad::(anonymous namespace)::ReadStruct(HANDLE, crashpad::WinVMAddress, T *) [T = crashpad::process_types::PEB<crashpad::process_types::internal::Traits64>]: Only part of a ReadProcessMemory or WriteProcessMemory request was completed. (0x12B)
[0628/141107.276:ERROR:process_info.cc(551)] ReadProcessData failed
[0628/141107.183:ERROR:process_reader_win.cc(123)] NtOpenThread: {Access Denied} A process has requested access to an object, but has not been granted those access rights. (0xc0000022)
[0628/141107.276:ERROR:exception_snapshot_win.cc(98)] thread ID 10724 not found in process
[0628/141107.276:ERROR:process_reader_win.cc(123)] NtOpenThread: {Access Denied} A process has requested access to an object, but has not been granted those access rights. (0xc0000022)
[0628/141107.276:ERROR:exception_snapshot_win.cc(98)] thread ID 8412 not found in process
[0628/141107.214:ERROR:process_reader_win.cc(123)] NtOpenThread: {Access Denied} A process has requested access to an object, but has not been granted those access rights. (0xc0000022)
[0628/141107.276:ERROR:exception_snapshot_win.cc(98)] thread ID 9544 not found in process
[0628/141107.292:ERROR:process_reader_win.cc(123)] NtOpenThread: {Access Denied} A process has requested access to an object, but has not been granted those access rights. (0xc0000022)
[0628/141107.292:ERROR:exception_snapshot_win.cc(98)] thread ID 8120 not found in process
[0628/141107.214:ERROR:process_reader_win.cc(123)] NtOpenThread: {Access Denied} A process has requested access to an object, but has not been granted those access rights. (0xc0000022)
[0628/141107.292:ERROR:exception_snapshot_win.cc(98)] thread ID 12120 not found in process
[0628/141107.183:ERROR:process_reader_win.cc(123)] NtOpenThread: {Access Denied} A process has requested access to an object, but has not been granted those access rights. (0xc0000022)
[0628/141107.292:ERROR:exception_snapshot_win.cc(98)] thread ID 10744 not found in process
[0628/141107.355:ERROR:process_reader_win.cc(123)] NtOpenThread: {Access Denied} A process has requested access to an object, but has not been granted those access rights. (0xc0000022)
[0628/141107.355:ERROR:exception_snapshot_win.cc(98)] thread ID 8476 not found in process
[0711/022850.058:ERROR:process_reader_win.cc(151)] SuspendThread: Access is denied. (0x5)
[0711/022850.020:ERROR:process_reader_win.cc(151)] SuspendThread: Access is denied. (0x5)
[0711/022850.077:ERROR:process_reader_win.cc(151)] SuspendThread: Access is denied. (0x5)
[0711/022850.077:ERROR:process_reader_win.cc(123)] NtOpenThread: {Access Denied} A process has requested access to an object, but has not been granted those access rights. (0xc0000022)
[0711/022850.077:ERROR:process_reader_win.cc(123)] NtOpenThread: {Access Denied} A process has requested access to an object, but has not been granted those access rights. (0xc0000022)
[0711/022850.137:ERROR:exception_snapshot_win.cc(98)] thread ID 7548 not found in process
[0711/022850.137:ERROR:exception_snapshot_win.cc(98)] thread ID 6180 not found in process
[0711/022850.247:ERROR:process_reader_win.cc(151)] SuspendThread: Access is denied. (0x5)
[0711/022850.247:ERROR:process_reader_win.cc(151)] SuspendThread: Access is denied. (0x5)
[0711/022850.247:ERROR:process_reader_win.cc(151)] SuspendThread: Access is denied. (0x5)
[0711/022850.251:ERROR:process_reader_win.cc(151)] SuspendThread: Access is denied. (0x5)
[0711/022850.251:ERROR:process_reader_win.cc(151)] SuspendThread: Access is denied. (0x5)
[0711/022850.251:ERROR:process_reader_win.cc(151)] SuspendThread: Access is denied. (0x5)
[0711/022850.251:ERROR:process_reader_win.cc(151)] SuspendThread: Access is denied. (0x5)
[0711/022850.251:ERROR:process_reader_win.cc(151)] SuspendThread: Access is denied. (0x5)
[0711/022850.251:ERROR:process_reader_win.cc(151)] SuspendThread: Access is denied. (0x5)
[0711/022850.251:ERROR:process_reader_win.cc(151)] SuspendThread: Access is denied. (0x5)
[0711/022850.251:ERROR:process_reader_win.cc(151)] SuspendThread: Access is denied. (0x5)
[0711/022850.251:ERROR:process_reader_win.cc(123)] NtOpenThread: {Access Denied} A process has requested access to an object, but has not been granted those access rights. (0xc0000022)
[0711/022850.251:ERROR:exception_snapshot_win.cc(98)] thread ID 7716 not found in process
[0711/022850.257:ERROR:process_reader_win.cc(151)] SuspendThread: Access is denied. (0x5)
[0711/022850.257:ERROR:process_reader_win.cc(151)] SuspendThread: Access is denied. (0x5)
[0711/022850.257:ERROR:process_reader_win.cc(151)] SuspendThread: Access is denied. (0x5)
[0711/022850.257:ERROR:process_reader_win.cc(151)] SuspendThread: Access is denied. (0x5)
[0711/022850.257:ERROR:process_reader_win.cc(151)] SuspendThread: Access is denied. (0x5)
[0711/022850.257:ERROR:process_reader_win.cc(151)] SuspendThread: Access is denied. (0x5)
[0711/022850.257:ERROR:process_reader_win.cc(151)] SuspendThread: Access is denied. (0x5)
[0711/022850.257:ERROR:process_reader_win.cc(151)] SuspendThread: Access is denied. (0x5)
[0711/022850.257:ERROR:process_reader_win.cc(151)] SuspendThread: Access is denied. (0x5)
[0711/022850.257:ERROR:process_reader_win.cc(151)] SuspendThread: Access is denied. (0x5)
[0711/022850.257:ERROR:process_reader_win.cc(151)] SuspendThread: Access is denied. (0x5)
[0711/022850.257:ERROR:process_reader_win.cc(151)] SuspendThread: Access is denied. (0x5)
[0711/022850.257:ERROR:process_reader_win.cc(123)] NtOpenThread: {Access Denied} A process has requested access to an object, but has not been granted those access rights. (0xc0000022)
[0711/022850.257:ERROR:exception_snapshot_win.cc(98)] thread ID 10868 not found in process
[0711/022850.283:ERROR:process_reader_win.cc(151)] SuspendThread: Access is denied. (0x5)
[0711/022850.283:ERROR:process_reader_win.cc(151)] SuspendThread: Access is denied. (0x5)
[0711/022850.283:ERROR:process_reader_win.cc(151)] SuspendThread: Access is denied. (0x5)
[0711/022850.283:ERROR:process_reader_win.cc(151)] SuspendThread: Access is denied. (0x5)
[0711/022850.283:ERROR:process_reader_win.cc(151)] SuspendThread: Access is denied. (0x5)
[0711/022850.283:ERROR:process_reader_win.cc(151)] SuspendThread: Access is denied. (0x5)
[0711/022850.283:ERROR:process_reader_win.cc(151)] SuspendThread: Access is denied. (0x5)
[0711/022850.283:ERROR:process_reader_win.cc(151)] SuspendThread: Access is denied. (0x5)
[0711/022850.288:ERROR:process_reader_win.cc(151)] SuspendThread: Access is denied. (0x5)
[0711/022850.288:ERROR:process_reader_win.cc(151)] SuspendThread: Access is denied. (0x5)
[0711/022850.288:ERROR:process_reader_win.cc(151)] SuspendThread: Access is denied. (0x5)
[0711/022850.288:ERROR:process_reader_win.cc(151)] SuspendThread: Access is denied. (0x5)
[0711/022850.288:ERROR:process_reader_win.cc(151)] SuspendThread: Access is denied. (0x5)
[0711/022850.288:ERROR:process_reader_win.cc(151)] SuspendThread: Access is denied. (0x5)
[0711/022850.288:ERROR:process_reader_win.cc(123)] NtOpenThread: {Access Denied} A process has requested access to an object, but has not been granted those access rights. (0xc0000022)
[0711/022850.288:ERROR:exception_snapshot_win.cc(98)] thread ID 7036 not found in process
[0711/022850.303:ERROR:process_reader_win.cc(151)] SuspendThread: Access is denied. (0x5)
[0711/022850.303:ERROR:process_reader_win.cc(151)] SuspendThread: Access is denied. (0x5)
[0711/022850.303:ERROR:process_reader_win.cc(151)] SuspendThread: Access is denied. (0x5)
[0711/022850.303:ERROR:process_reader_win.cc(151)] SuspendThread: Access is denied. (0x5)
[0711/022850.303:ERROR:process_reader_win.cc(151)] SuspendThread: Access is denied. (0x5)
[0711/022850.303:ERROR:process_reader_win.cc(151)] SuspendThread: Access is denied. (0x5)
[0711/022850.303:ERROR:process_reader_win.cc(151)] SuspendThread: Access is denied. (0x5)
[0711/022850.303:ERROR:process_reader_win.cc(151)] SuspendThread: Access is denied. (0x5)
[0711/022850.303:ERROR:process_reader_win.cc(151)] SuspendThread: Access is denied. (0x5)
[0711/022850.303:ERROR:process_reader_win.cc(151)] SuspendThread: Access is denied. (0x5)
[0711/022850.303:ERROR:process_reader_win.cc(151)] SuspendThread: Access is denied. (0x5)
[0711/022850.303:ERROR:process_reader_win.cc(151)] SuspendThread: Access is denied. (0x5)
[0711/022850.303:ERROR:process_reader_win.cc(151)] SuspendThread: Access is denied. (0x5)
[0711/022850.303:ERROR:process_reader_win.cc(151)] SuspendThread: Access is denied. (0x5)
[0711/022850.303:ERROR:process_reader_win.cc(151)] SuspendThread: Access is denied. (0x5)
[0711/022850.303:ERROR:process_reader_win.cc(123)] NtOpenThread: {Access Denied} A process has requested access to an object, but has not been granted those access rights. (0xc0000022)
[0711/022850.303:ERROR:exception_snapshot_win.cc(98)] thread ID 12888 not found in process
[0721/033026.441:ERROR:process_reader_win.cc(123)] NtOpenThread: {Access Denied} A process has requested access to an object, but has not been granted those access rights. (0xc0000022)
[0721/033026.441:ERROR:process_reader_win.cc(123)] NtOpenThread: {Access Denied} A process has requested access to an object, but has not been granted those access rights. (0xc0000022)
[0721/033027.816:ERROR:exception_snapshot_win.cc(98)] thread ID 8020 not found in process
[0721/033027.816:ERROR:exception_snapshot_win.cc(98)] thread ID 11760 not found in process
